limiting computations to label /home/qigroup/Documents/projects/blast/derivatives/freesurfer/freesurfer_fsgd_analyses/mask_files/fedorenko_overlap_mask/sub-blasta001_RightMidAntTemp_surf.label.
reading volume /home/qigroup/Documents/projects/blast/derivatives/freesurfer/sub-blasta001/mri/wm.mgz...
reading input surface /home/qigroup/Documents/projects/blast/derivatives/freesurfer/sub-blasta001/surf/rh.white...
reading input pial surface /home/qigroup/Documents/projects/blast/derivatives/freesurfer/sub-blasta001/surf/rh.pial...
reading input white surface /home/qigroup/Documents/projects/blast/derivatives/freesurfer/sub-blasta001/surf/rh.white...
Using TH3 vertex volume calc
Total face volume 272500
Total vertex volume 269492 (mask=0)

table columns are:
    number of vertices
    total surface area (mm^2)
    total gray matter volume (mm^3)
    average cortical thickness +- standard deviation (mm)
    integrated rectified mean curvature
    integrated rectified Gaussian curvature
    folding index
    intrinsic curvature index
    structure name

  406    236     46  0.193 0.828     0.067     0.018        2     0.2  /home/qigroup/Documents/projects/blast/derivatives/freesurfer/freesurfer_fsgd_analyses/mask_files/fedorenko_overlap_mask/sub-blasta001_RightMidAntTemp_surf.label
limiting computations to label /home/qigroup/Documents/projects/blast/derivatives/freesurfer/freesurfer_fsgd_analyses/mask_files/fedorenko_overlap_mask/sub-blasta002_RightMidAntTemp_surf.label.
reading volume /home/qigroup/Documents/projects/blast/derivatives/freesurfer/sub-blasta002/mri/wm.mgz...
reading input surface /home/qigroup/Documents/projects/blast/derivatives/freesurfer/sub-blasta002/surf/rh.white...
reading input pial surface /home/qigroup/Documents/projects/blast/derivatives/freesurfer/sub-blasta002/surf/rh.pial...
reading input white surface /home/qigroup/Documents/projects/blast/derivatives/freesurfer/sub-blasta002/surf/rh.white...
Using TH3 vertex volume calc
Total face volume 240734
Total vertex volume 237126 (mask=0)

table columns are:
    number of vertices
    total surface area (mm^2)
    total gray matter volume (mm^3)
    average cortical thickness +- standard deviation (mm)
    integrated rectified mean curvature
    integrated rectified Gaussian curvature
    folding index
    intrinsic curvature index
    structure name

  312    208     53  0.254 0.948     0.073     0.019        2     0.1  /home/qigroup/Documents/projects/blast/derivatives/freesurfer/freesurfer_fsgd_analyses/mask_files/fedorenko_overlap_mask/sub-blasta002_RightMidAntTemp_surf.label
limiting computations to label /home/qigroup/Documents/projects/blast/derivatives/freesurfer/freesurfer_fsgd_analyses/mask_files/fedorenko_overlap_mask/sub-blasta004_RightMidAntTemp_surf.label.
reading volume /home/qigroup/Documents/projects/blast/derivatives/freesurfer/sub-blasta004/mri/wm.mgz...
reading input surface /home/qigroup/Documents/projects/blast/derivatives/freesurfer/sub-blasta004/surf/rh.white...
reading input pial surface /home/qigroup/Documents/projects/blast/derivatives/freesurfer/sub-blasta004/surf/rh.pial...
reading input white surface /home/qigroup/Documents/projects/blast/derivatives/freesurfer/sub-blasta004/surf/rh.white...
Using TH3 vertex volume calc
Total face volume 283961
Total vertex volume 280198 (mask=0)

table columns are:
    number of vertices
    total surface area (mm^2)
    total gray matter volume (mm^3)
    average cortical thickness +- standard deviation (mm)
    integrated rectified mean curvature
    integrated rectified Gaussian curvature
    folding index
    intrinsic curvature index
    structure name

  377    244     42  0.181 0.717     0.055     0.011        1     0.1  /home/qigroup/Documents/projects/blast/derivatives/freesurfer/freesurfer_fsgd_analyses/mask_files/fedorenko_overlap_mask/sub-blasta004_RightMidAntTemp_surf.label
limiting computations to label /home/qigroup/Documents/projects/blast/derivatives/freesurfer/freesurfer_fsgd_analyses/mask_files/fedorenko_overlap_mask/sub-blasta006_RightMidAntTemp_surf.label.
reading volume /home/qigroup/Documents/projects/blast/derivatives/freesurfer/sub-blasta006/mri/wm.mgz...
reading input surface /home/qigroup/Documents/projects/blast/derivatives/freesurfer/sub-blasta006/surf/rh.white...
reading input pial surface /home/qigroup/Documents/projects/blast/derivatives/freesurfer/sub-blasta006/surf/rh.pial...
reading input white surface /home/qigroup/Documents/projects/blast/derivatives/freesurfer/sub-blasta006/surf/rh.white...
Using TH3 vertex volume calc
Total face volume 308549
Total vertex volume 305335 (mask=0)

table columns are:
    number of vertices
    total surface area (mm^2)
    total gray matter volume (mm^3)
    average cortical thickness +- standard deviation (mm)
    integrated rectified mean curvature
    integrated rectified Gaussian curvature
    folding index
    intrinsic curvature index
    structure name

  403    250     62  0.271 0.926     0.063     0.017        2     0.2  /home/qigroup/Documents/projects/blast/derivatives/freesurfer/freesurfer_fsgd_analyses/mask_files/fedorenko_overlap_mask/sub-blasta006_RightMidAntTemp_surf.label
limiting computations to label /home/qigroup/Documents/projects/blast/derivatives/freesurfer/freesurfer_fsgd_analyses/mask_files/fedorenko_overlap_mask/sub-blasta001_RightMidPostTemp_surf.label.
reading volume /home/qigroup/Documents/projects/blast/derivatives/freesurfer/sub-blasta001/mri/wm.mgz...
reading input surface /home/qigroup/Documents/projects/blast/derivatives/freesurfer/sub-blasta001/surf/rh.white...
reading input pial surface /home/qigroup/Documents/projects/blast/derivatives/freesurfer/sub-blasta001/surf/rh.pial...
reading input white surface /home/qigroup/Documents/projects/blast/derivatives/freesurfer/sub-blasta001/surf/rh.white...
Using TH3 vertex volume calc
Total face volume 272500
Total vertex volume 269492 (mask=0)

table columns are:
    number of vertices
    total surface area (mm^2)
    total gray matter volume (mm^3)
    average cortical thickness +- standard deviation (mm)
    integrated rectified mean curvature
    integrated rectified Gaussian curvature
    folding index
    intrinsic curvature index
    structure name

  731    481    899  2.202 1.216     0.104     0.023        6     0.5  /home/qigroup/Documents/projects/blast/derivatives/freesurfer/freesurfer_fsgd_analyses/mask_files/fedorenko_overlap_mask/sub-blasta001_RightMidPostTemp_surf.label
limiting computations to label /home/qigroup/Documents/projects/blast/derivatives/freesurfer/freesurfer_fsgd_analyses/mask_files/fedorenko_overlap_mask/sub-blasta002_RightMidPostTemp_surf.label.
reading volume /home/qigroup/Documents/projects/blast/derivatives/freesurfer/sub-blasta002/mri/wm.mgz...
reading input surface /home/qigroup/Documents/projects/blast/derivatives/freesurfer/sub-blasta002/surf/rh.white...
reading input pial surface /home/qigroup/Documents/projects/blast/derivatives/freesurfer/sub-blasta002/surf/rh.pial...
reading input white surface /home/qigroup/Documents/projects/blast/derivatives/freesurfer/sub-blasta002/surf/rh.white...
Using TH3 vertex volume calc
Total face volume 240734
Total vertex volume 237126 (mask=0)

table columns are:
    number of vertices
    total surface area (mm^2)
    total gray matter volume (mm^3)
    average cortical thickness +- standard deviation (mm)
    integrated rectified mean curvature
    integrated rectified Gaussian curvature
    folding index
    intrinsic curvature index
    structure name

  692    481    857  2.221 1.140     0.125     0.028        7     0.8  /home/qigroup/Documents/projects/blast/derivatives/freesurfer/freesurfer_fsgd_analyses/mask_files/fedorenko_overlap_mask/sub-blasta002_RightMidPostTemp_surf.label
limiting computations to label /home/qigroup/Documents/projects/blast/derivatives/freesurfer/freesurfer_fsgd_analyses/mask_files/fedorenko_overlap_mask/sub-blasta004_RightMidPostTemp_surf.label.
reading volume /home/qigroup/Documents/projects/blast/derivatives/freesurfer/sub-blasta004/mri/wm.mgz...
reading input surface /home/qigroup/Documents/projects/blast/derivatives/freesurfer/sub-blasta004/surf/rh.white...
reading input pial surface /home/qigroup/Documents/projects/blast/derivatives/freesurfer/sub-blasta004/surf/rh.pial...
reading input white surface /home/qigroup/Documents/projects/blast/derivatives/freesurfer/sub-blasta004/surf/rh.white...
Using TH3 vertex volume calc
Total face volume 283961
Total vertex volume 280198 (mask=0)

table columns are:
    number of vertices
    total surface area (mm^2)
    total gray matter volume (mm^3)
    average cortical thickness +- standard deviation (mm)
    integrated rectified mean curvature
    integrated rectified Gaussian curvature
    folding index
    intrinsic curvature index
    structure name

  813    571    938  1.963 1.084     0.116     0.022        7     0.7  /home/qigroup/Documents/projects/blast/derivatives/freesurfer/freesurfer_fsgd_analyses/mask_files/fedorenko_overlap_mask/sub-blasta004_RightMidPostTemp_surf.label
limiting computations to label /home/qigroup/Documents/projects/blast/derivatives/freesurfer/freesurfer_fsgd_analyses/mask_files/fedorenko_overlap_mask/sub-blasta006_RightMidPostTemp_surf.label.
reading volume /home/qigroup/Documents/projects/blast/derivatives/freesurfer/sub-blasta006/mri/wm.mgz...
reading input surface /home/qigroup/Documents/projects/blast/derivatives/freesurfer/sub-blasta006/surf/rh.white...
reading input pial surface /home/qigroup/Documents/projects/blast/derivatives/freesurfer/sub-blasta006/surf/rh.pial...
reading input white surface /home/qigroup/Documents/projects/blast/derivatives/freesurfer/sub-blasta006/surf/rh.white...
Using TH3 vertex volume calc
Total face volume 308549
Total vertex volume 305335 (mask=0)

table columns are:
    number of vertices
    total surface area (mm^2)
    total gray matter volume (mm^3)
    average cortical thickness +- standard deviation (mm)
    integrated rectified mean curvature
    integrated rectified Gaussian curvature
    folding index
    intrinsic curvature index
    structure name

  901    594   1066  2.177 1.201     0.104     0.027        8     0.7  /home/qigroup/Documents/projects/blast/derivatives/freesurfer/freesurfer_fsgd_analyses/mask_files/fedorenko_overlap_mask/sub-blasta006_RightMidPostTemp_surf.label
